2019-02-14 12:15:44,593 [django.server:124] [basehttp:log_message] [INFO]- "POST /api/add_case/ HTTP/1.1" 200 0
2019-02-14 12:15:52,686 [django.server:124] [basehttp:log_message] [INFO]- "POST /api/run_test/ HTTP/1.1" 200 33812
2019-02-14 12:18:17,353 [django.server:124] [basehttp:log_message] [INFO]- "POST /api/add_case/ HTTP/1.1" 200 0
2019-02-14 12:18:19,229 [django.server:124] [basehttp:log_message] [INFO]- "POST /api/run_test/ HTTP/1.1" 200 33812
2019-02-14 12:22:18,286 [django.server:124] [basehttp:log_message] [INFO]- "POST /api/add_case/ HTTP/1.1" 200 0
2019-02-14 12:23:34,321 [django.server:124] [basehttp:log_message] [INFO]- "POST /api/run_test/ HTTP/1.1" 200 33812
2019-02-14 12:24:15,305 [django.server:124] [basehttp:log_message] [INFO]- "GET /api/debugtalk/1/ HTTP/1.1" 200 3498
2019-02-14 12:24:15,510 [django.server:124] [basehttp:log_message] [INFO]- "GET /favicon.ico HTTP/1.1" 302 0
2019-02-14 12:24:15,517 [django.server:124] [basehttp:log_message] [INFO]- "GET /static/assets/img/favicon.ico HTTP/1.1" 200 67646
2019-02-14 12:24:48,146 [django.server:124] [basehttp:log_message] [INFO]- "POST /api/debugtalk/ HTTP/1.1" 302 0
2019-02-14 12:24:48,241 [django.server:124] [basehttp:log_message] [INFO]- "GET /api/debugtalk_list/1/ HTTP/1.1" 200 13925
2019-02-14 12:24:51,926 [django.server:124] [basehttp:log_message] [INFO]- "POST /api/add_case/ HTTP/1.1" 200 0
2019-02-14 12:24:54,003 [django.server:124] [basehttp:log_message] [INFO]- "POST /api/run_test/ HTTP/1.1" 200 33812
2019-02-14 12:26:41,776 [django.server:124] [basehttp:log_message] [INFO]- "GET /api/debugtalk/1/ HTTP/1.1" 200 3669
2019-02-14 12:26:47,628 [django.server:124] [basehttp:log_message] [INFO]- "POST /api/debugtalk/ HTTP/1.1" 302 0
2019-02-14 12:26:47,723 [django.server:124] [basehttp:log_message] [INFO]- "GET /api/debugtalk_list/1/ HTTP/1.1" 200 13925
2019-02-14 12:26:48,630 [django.server:124] [basehttp:log_message] [INFO]- "GET /api/debugtalk/1/ HTTP/1.1" 200 3502
2019-02-14 12:26:54,285 [django.server:124] [basehttp:log_message] [INFO]- "POST /api/add_case/ HTTP/1.1" 200 0
2019-02-14 12:26:56,595 [django.server:124] [basehttp:log_message] [INFO]- "POST /api/run_test/ HTTP/1.1" 200 33812
2019-02-14 12:26:59,058 [django.server:124] [basehttp:log_message] [INFO]- "POST /api/add_case/ HTTP/1.1" 200 0
2019-02-14 12:27:00,022 [django.server:124] [basehttp:log_message] [INFO]- "GET /api/edit_case/12/ HTTP/1.1" 200 46610
2019-02-14 12:27:12,658 [django.server:124] [basehttp:log_message] [INFO]- "POST /api/edit_case/ HTTP/1.1" 200 17
2019-02-14 12:27:12,705 [django.server:124] [basehttp:log_message] [INFO]- "GET /api/test_list/1/ HTTP/1.1" 200 40962
2019-02-14 12:27:12,934 [django.server:124] [basehttp:log_message] [INFO]- "POST /api/add_case/ HTTP/1.1" 200 0
2019-02-14 12:27:18,363 [django.server:124] [basehttp:log_message] [INFO]- "POST /api/run_test/ HTTP/1.1" 200 33816
2019-02-14 12:31:12,679 [django.server:124] [basehttp:log_message] [INFO]- "POST /api/debugtalk/ HTTP/1.1" 302 0
2019-02-14 12:31:12,781 [django.server:124] [basehttp:log_message] [INFO]- "GET /api/debugtalk_list/1/ HTTP/1.1" 200 13925
2019-02-14 12:31:17,471 [django.server:124] [basehttp:log_message] [INFO]- "POST /api/run_test/ HTTP/1.1" 200 33816
2019-02-14 12:31:26,087 [django.server:124] [basehttp:log_message] [INFO]- "POST /api/add_case/ HTTP/1.1" 200 0
2019-02-14 12:31:28,143 [django.server:124] [basehttp:log_message] [INFO]- "GET /api/edit_case/12/ HTTP/1.1" 200 46614
2019-02-14 12:31:48,197 [django.server:124] [basehttp:log_message] [INFO]- "GET /api/debugtalk/1/ HTTP/1.1" 200 3631
2019-02-14 12:32:06,471 [django.server:124] [basehttp:log_message] [INFO]- "POST /api/debugtalk/ HTTP/1.1" 302 0
2019-02-14 12:32:06,487 [django.server:124] [basehttp:log_message] [INFO]- "GET /api/debugtalk_list/1/ HTTP/1.1" 200 13925
2019-02-14 12:32:12,392 [django.server:124] [basehttp:log_message] [INFO]- "GET /api/test_list/1/ HTTP/1.1" 200 40962
2019-02-14 12:32:12,594 [django.server:124] [basehttp:log_message] [INFO]- "POST /api/add_case/ HTTP/1.1" 200 0
2019-02-14 12:32:16,796 [django.server:124] [basehttp:log_message] [INFO]- "POST /api/run_test/ HTTP/1.1" 200 33816
2019-02-14 12:32:58,120 [django.server:124] [basehttp:log_message] [INFO]- "POST /api/add_case/ HTTP/1.1" 200 0
2019-02-14 12:33:07,692 [django.server:124] [basehttp:log_message] [INFO]- "GET /api/edit_case/12/ HTTP/1.1" 200 46614
2019-02-14 12:33:32,678 [django.server:124] [basehttp:log_message] [INFO]- "GET /api/debugtalk/1/ HTTP/1.1" 200 3636
2019-02-14 12:33:53,719 [django.server:124] [basehttp:log_message] [INFO]- "POST /api/debugtalk/ HTTP/1.1" 302 0
2019-02-14 12:33:53,743 [django.server:124] [basehttp:log_message] [INFO]- "GET /api/debugtalk_list/1/ HTTP/1.1" 200 13925
2019-02-14 12:33:57,925 [django.server:124] [basehttp:log_message] [INFO]- "POST /api/edit_case/ HTTP/1.1" 200 17
2019-02-14 12:33:57,972 [django.server:124] [basehttp:log_message] [INFO]- "GET /api/test_list/1/ HTTP/1.1" 200 40962
2019-02-14 12:33:58,157 [django.server:124] [basehttp:log_message] [INFO]- "POST /api/add_case/ HTTP/1.1" 200 0
2019-02-14 12:34:01,712 [django.server:124] [basehttp:log_message] [INFO]- "POST /api/run_test/ HTTP/1.1" 200 33816
2019-02-14 12:34:20,768 [django.server:124] [basehttp:log_message] [INFO]- "GET /api/test_list/1/ HTTP/1.1" 200 40962
2019-02-14 12:34:20,975 [django.server:124] [basehttp:log_message] [INFO]- "POST /api/add_case/ HTTP/1.1" 200 0
2019-02-14 12:34:23,339 [django.server:124] [basehttp:log_message] [INFO]- "GET /api/edit_case/12/ HTTP/1.1" 200 48174
2019-02-14 12:34:52,628 [django.server:124] [basehttp:log_message] [INFO]- "POST /api/edit_case/ HTTP/1.1" 200 17
2019-02-14 12:34:52,672 [django.server:124] [basehttp:log_message] [INFO]- "GET /api/test_list/1/ HTTP/1.1" 200 40962
2019-02-14 12:34:52,867 [django.server:124] [basehttp:log_message] [INFO]- "POST /api/add_case/ HTTP/1.1" 200 0
2019-02-14 12:34:57,489 [django.server:124] [basehttp:log_message] [INFO]- "POST /api/run_test/ HTTP/1.1" 200 34183
2019-02-14 12:35:24,238 [django.server:124] [basehttp:log_message] [INFO]- "POST /api/add_case/ HTTP/1.1" 200 0
2019-02-14 12:35:26,154 [django.server:124] [basehttp:log_message] [INFO]- "GET /api/debugtalk_list/1/ HTTP/1.1" 200 13925
2019-02-14 12:35:27,431 [django.server:124] [basehttp:log_message] [INFO]- "GET /api/debugtalk/1/ HTTP/1.1" 200 3754
2019-02-14 12:39:52,482 [django.server:124] [basehttp:log_message] [INFO]- "POST /api/add_case/ HTTP/1.1" 200 0
2019-02-14 12:39:53,738 [django.server:124] [basehttp:log_message] [INFO]- "GET /api/edit_case/12/ HTTP/1.1" 200 52715
2019-02-14 13:47:26,448 [django.server:124] [basehttp:log_message] [INFO]- "POST /api/debugtalk/ HTTP/1.1" 302 0
2019-02-14 13:47:26,463 [django.server:124] [basehttp:log_message] [INFO]- "GET /api/debugtalk_list/1/ HTTP/1.1" 200 13925
2019-02-14 13:47:49,167 [django.server:124] [basehttp:log_message] [INFO]- "POST /api/edit_case/ HTTP/1.1" 200 17
2019-02-14 13:47:49,220 [django.server:124] [basehttp:log_message] [INFO]- "GET /api/test_list/1/ HTTP/1.1" 200 40962
2019-02-14 13:47:49,479 [django.server:124] [basehttp:log_message] [INFO]- "POST /api/add_case/ HTTP/1.1" 200 0
2019-02-14 13:47:54,155 [django.server:124] [basehttp:log_message] [INFO]- "POST /api/run_test/ HTTP/1.1" 200 34184
2019-02-14 13:48:14,199 [django.server:124] [basehttp:log_message] [INFO]- "GET /api/debugtalk/1/ HTTP/1.1" 200 3768
2019-02-14 13:48:51,123 [django.server:124] [basehttp:log_message] [INFO]- "POST /api/debugtalk/ HTTP/1.1" 302 0
2019-02-14 13:48:51,162 [django.server:124] [basehttp:log_message] [INFO]- "GET /api/debugtalk_list/1/ HTTP/1.1" 200 13925
2019-02-14 13:48:58,878 [django.server:124] [basehttp:log_message] [INFO]- "POST /api/add_case/ HTTP/1.1" 200 0
2019-02-14 13:49:01,424 [django.server:124] [basehttp:log_message] [INFO]- "POST /api/run_test/ HTTP/1.1" 200 34182
2019-02-14 13:49:34,315 [django.server:124] [basehttp:log_message] [INFO]- "GET /api/debugtalk/1/ HTTP/1.1" 200 3802
2019-02-14 13:49:40,083 [django.server:124] [basehttp:log_message] [INFO]- "POST /api/debugtalk/ HTTP/1.1" 302 0
2019-02-14 13:49:40,191 [django.server:124] [basehttp:log_message] [INFO]- "GET /api/debugtalk_list/1/ HTTP/1.1" 200 13925
2019-02-14 13:49:44,365 [django.server:124] [basehttp:log_message] [INFO]- "POST /api/add_case/ HTTP/1.1" 200 0
2019-02-14 13:49:46,098 [django.server:124] [basehttp:log_message] [INFO]- "POST /api/run_test/ HTTP/1.1" 200 34182
2019-02-14 13:51:55,756 [django.server:124] [basehttp:log_message] [INFO]- "POST /api/add_case/ HTTP/1.1" 200 0
2019-02-14 13:51:58,685 [django.server:124] [basehttp:log_message] [INFO]- "GET /api/debugtalk/1/ HTTP/1.1" 200 3804
2019-02-14 13:52:09,016 [django.server:124] [basehttp:log_message] [INFO]- "POST /api/debugtalk/ HTTP/1.1" 302 0
2019-02-14 13:52:09,051 [django.server:124] [basehttp:log_message] [INFO]- "GET /api/debugtalk_list/1/ HTTP/1.1" 200 13925
2019-02-14 13:52:23,606 [django.server:124] [basehttp:log_message] [INFO]- "POST /api/run_test/ HTTP/1.1" 200 34180
2019-02-14 13:53:35,919 [django.server:124] [basehttp:log_message] [INFO]- "POST /api/add_case/ HTTP/1.1" 200 0
2019-02-14 13:53:39,038 [django.server:124] [basehttp:log_message] [INFO]- "GET /api/edit_case/12/ HTTP/1.1" 200 52712
2019-02-14 13:53:55,988 [django.server:124] [basehttp:log_message] [INFO]- "POST /api/edit_case/ HTTP/1.1" 200 17
2019-02-14 13:53:56,037 [django.server:124] [basehttp:log_message] [INFO]- "GET /api/test_list/1/ HTTP/1.1" 200 40962
2019-02-14 13:53:56,254 [django.server:124] [basehttp:log_message] [INFO]- "POST /api/add_case/ HTTP/1.1" 200 0
2019-02-14 13:54:09,529 [django.server:124] [basehttp:log_message] [INFO]- "POST /api/run_test/ HTTP/1.1" 200 34190
2019-02-14 13:54:44,206 [django.server:124] [basehttp:log_message] [INFO]- "POST /api/add_case/ HTTP/1.1" 200 0
2019-02-14 13:54:45,854 [django.server:124] [basehttp:log_message] [INFO]- "GET /api/edit_case/12/ HTTP/1.1" 200 54217
2019-02-14 13:55:48,382 [django.server:124] [basehttp:log_message] [INFO]- "POST /api/edit_case/ HTTP/1.1" 200 17
2019-02-14 13:55:48,424 [django.server:124] [basehttp:log_message] [INFO]- "GET /api/test_list/1/ HTTP/1.1" 200 40962
2019-02-14 13:55:48,603 [django.server:124] [basehttp:log_message] [INFO]- "POST /api/add_case/ HTTP/1.1" 200 0
2019-02-14 13:55:52,194 [django.server:124] [basehttp:log_message] [INFO]- "POST /api/run_test/ HTTP/1.1" 200 34159
2019-02-14 13:56:16,360 [django.server:124] [basehttp:log_message] [INFO]- "POST /api/add_case/ HTTP/1.1" 200 0
2019-02-14 13:56:18,672 [django.server:124] [basehttp:log_message] [INFO]- "GET /api/edit_case/12/ HTTP/1.1" 200 54207
2019-02-14 13:56:34,606 [django.server:124] [basehttp:log_message] [INFO]- "POST /api/edit_case/ HTTP/1.1" 200 17
2019-02-14 13:56:34,648 [django.server:124] [basehttp:log_message] [INFO]- "GET /api/test_list/1/ HTTP/1.1" 200 40962
2019-02-14 13:56:34,828 [django.server:124] [basehttp:log_message] [INFO]- "POST /api/add_case/ HTTP/1.1" 200 0
2019-02-14 13:56:38,760 [django.server:124] [basehttp:log_message] [INFO]- "POST /api/run_test/ HTTP/1.1" 200 33604
2019-02-14 13:59:08,450 [django.server:124] [basehttp:log_message] [INFO]- "GET /api/debugtalk/1/ HTTP/1.1" 200 3806
2019-02-14 14:10:49,697 [django.server:124] [basehttp:log_message] [INFO]- "POST /api/add_case/ HTTP/1.1" 200 0
2019-02-14 14:10:51,653 [django.server:124] [basehttp:log_message] [INFO]- "POST /api/run_test/ HTTP/1.1" 200 33493
2019-02-14 14:11:29,386 [django.server:124] [basehttp:log_message] [INFO]- "POST /api/debugtalk/ HTTP/1.1" 302 0
2019-02-14 14:11:29,475 [django.server:124] [basehttp:log_message] [INFO]- "GET /api/debugtalk_list/1/ HTTP/1.1" 200 13925
2019-02-14 14:11:33,679 [django.server:124] [basehttp:log_message] [INFO]- "POST /api/add_case/ HTTP/1.1" 200 0
2019-02-14 14:11:35,029 [django.server:124] [basehttp:log_message] [INFO]- "GET /api/edit_case/12/ HTTP/1.1" 200 54197
2019-02-14 14:11:42,366 [django.server:124] [basehttp:log_message] [INFO]- "POST /api/edit_case/ HTTP/1.1" 200 17
2019-02-14 14:11:42,408 [django.server:124] [basehttp:log_message] [INFO]- "GET /api/test_list/1/ HTTP/1.1" 200 40962
2019-02-14 14:11:42,551 [django.server:124] [basehttp:log_message] [INFO]- "POST /api/add_case/ HTTP/1.1" 200 0
2019-02-14 14:11:45,652 [django.server:124] [basehttp:log_message] [INFO]- "POST /api/run_test/ HTTP/1.1" 200 33606
2019-02-14 14:12:59,442 [django.server:124] [basehttp:log_message] [INFO]- "POST /api/add_case/ HTTP/1.1" 200 0
2019-02-14 14:13:01,349 [django.server:124] [basehttp:log_message] [INFO]- "POST /api/run_test/ HTTP/1.1" 200 33606
2019-02-14 14:14:52,293 [django.server:124] [basehttp:log_message] [INFO]- "POST /api/add_case/ HTTP/1.1" 200 0
2019-02-14 14:14:53,804 [django.server:124] [basehttp:log_message] [INFO]- "POST /api/run_test/ HTTP/1.1" 200 33630
2019-02-14 14:16:24,040 [django.server:124] [basehttp:log_message] [INFO]- "POST /api/add_case/ HTTP/1.1" 200 0
2019-02-14 14:16:25,655 [django.server:124] [basehttp:log_message] [INFO]- "POST /api/run_test/ HTTP/1.1" 200 33606
2019-02-14 14:16:38,208 [django.server:124] [basehttp:log_message] [INFO]- "POST /api/add_case/ HTTP/1.1" 200 0
2019-02-14 14:17:52,969 [django.server:124] [basehttp:log_message] [INFO]- "POST /api/run_test/ HTTP/1.1" 200 33606
2019-02-14 14:18:21,985 [django.server:124] [basehttp:log_message] [INFO]- "POST /api/add_case/ HTTP/1.1" 200 0
2019-02-14 14:18:24,100 [django.server:124] [basehttp:log_message] [INFO]- "POST /api/run_test/ HTTP/1.1" 200 33606
2019-02-14 14:18:31,704 [django.server:124] [basehttp:log_message] [INFO]- "POST /api/add_case/ HTTP/1.1" 200 0
2019-02-14 14:20:28,805 [django.server:124] [basehttp:log_message] [INFO]- "POST /api/run_test/ HTTP/1.1" 200 33606
2019-02-14 14:20:52,457 [django.server:124] [basehttp:log_message] [INFO]- "POST /api/add_case/ HTTP/1.1" 200 0
2019-02-14 14:22:01,896 [django.server:124] [basehttp:log_message] [INFO]- "POST /api/run_test/ HTTP/1.1" 200 33606
2019-02-14 14:22:31,411 [django.server:124] [basehttp:log_message] [INFO]- "POST /api/add_case/ HTTP/1.1" 200 0
2019-02-14 14:22:33,010 [django.server:124] [basehttp:log_message] [INFO]- "POST /api/run_test/ HTTP/1.1" 200 33606
2019-02-14 14:23:02,804 [django.server:124] [basehttp:log_message] [INFO]- "POST /api/add_case/ HTTP/1.1" 200 0
2019-02-14 14:23:04,312 [django.server:124] [basehttp:log_message] [INFO]- "POST /api/run_test/ HTTP/1.1" 200 33606
2019-02-14 14:23:24,090 [django.server:124] [basehttp:log_message] [INFO]- "POST /api/add_case/ HTTP/1.1" 200 0
2019-02-14 14:31:08,557 [django.server:124] [basehttp:log_message] [INFO]- "GET /api/debugtalk/1/ HTTP/1.1" 200 3807
2019-02-14 14:31:50,891 [django.server:124] [basehttp:log_message] [INFO]- "POST /api/debugtalk/ HTTP/1.1" 302 0
2019-02-14 14:31:50,981 [django.server:124] [basehttp:log_message] [INFO]- "GET /api/debugtalk_list/1/ HTTP/1.1" 200 13925
2019-02-14 14:31:54,154 [django.server:124] [basehttp:log_message] [INFO]- "GET /api/edit_case/12/ HTTP/1.1" 200 54197
2019-02-14 14:32:20,541 [django.server:124] [basehttp:log_message] [INFO]- "POST /api/edit_case/ HTTP/1.1" 200 17
2019-02-14 14:32:20,585 [django.server:124] [basehttp:log_message] [INFO]- "GET /api/test_list/1/ HTTP/1.1" 200 40962
2019-02-14 14:32:20,767 [django.server:124] [basehttp:log_message] [INFO]- "POST /api/add_case/ HTTP/1.1" 200 0
2019-02-14 14:32:25,111 [django.server:124] [basehttp:log_message] [INFO]- "POST /api/run_test/ HTTP/1.1" 200 32837
2019-02-14 14:34:22,124 [django.server:124] [basehttp:log_message] [INFO]- "POST /api/add_case/ HTTP/1.1" 200 0
2019-02-14 14:34:24,039 [django.server:124] [basehttp:log_message] [INFO]- "POST /api/run_test/ HTTP/1.1" 200 32837
2019-02-14 14:34:26,738 [django.server:124] [basehttp:log_message] [INFO]- "POST /api/add_case/ HTTP/1.1" 200 0
