2019-02-15 16:07:33,604 [HttpRunnerManager:69] [views:login] [INFO]- huangmin µÇÂ¼³É¹¦
2019-02-15 16:20:03,705 [HttpRunnerManager:154] [operation:add_case_data] [INFO]- ²âÊÔselectÓÃÀıÌí¼Ó³É¹¦: {'test': {'request': {'url': 'http://m.1768.com', 'method': 'GET', 'data': {}}, 'name': '²âÊÔselect', 'validate': [{'comparator': 'equals', 'check': '$case_result', 'expected': 2}], 'variables': [{'case_where': '{"id":5}'}, {'case_values': "['type']"}, {'case_result': '${select($case_where,$case_values,TestCaseInfo,app=ApiManager)}'}]}}
2019-02-15 16:20:10,550 [HttpRunnerManager:658] [common:get_model] [INFO]- app_name:ApiManager

2019-02-15 16:20:10,554 [HttpRunnerManager:659] [common:get_model] [INFO]- app_obj.dir:['__all__', '__builtins__', '__cached__', '__doc__', '__file__', '__loader__', '__name__', '__package__', '__path__', '__spec__', 'admin', 'apps', 'managers', 'migrations', 'models', 'platform', 'separator', 'tasks', 'templatetags', 'utils']

2019-02-15 16:20:10,556 [HttpRunnerManager:660] [common:get_model] [INFO]- app_obj:<module 'apps.ApiManager' from 'D:\\project\\HttpRunnerManager\\apps\\ApiManager\\__init__.py'>

2019-02-15 16:24:35,749 [HttpRunnerManager:658] [common:get_model] [INFO]- app_name:ApiManager

2019-02-15 16:24:35,752 [HttpRunnerManager:659] [common:get_model] [INFO]- app_obj.dir:['__all__', '__builtins__', '__cached__', '__doc__', '__file__', '__loader__', '__name__', '__package__', '__path__', '__spec__', 'admin', 'apps', 'managers', 'migrations', 'models', 'platform', 'separator', 'tasks', 'templatetags', 'utils']

2019-02-15 16:24:35,756 [HttpRunnerManager:660] [common:get_model] [INFO]- app_obj:<module 'apps.ApiManager' from 'D:\\project\\HttpRunnerManager\\apps\\ApiManager\\__init__.py'>

2019-02-15 16:24:35,759 [HttpRunnerManager:688] [common:select] [INFO]- ###select###data:<QuerySet [{'type': 2}]>

2019-02-15 16:29:10,023 [HttpRunnerManager:659] [common:get_model] [INFO]- app_name:ApiManager

2019-02-15 16:29:10,026 [HttpRunnerManager:660] [common:get_model] [INFO]- app_obj.dir:['__all__', '__builtins__', '__cached__', '__doc__', '__file__', '__loader__', '__name__', '__package__', '__path__', '__spec__', 'admin', 'apps', 'managers', 'migrations', 'models', 'platform', 'separator', 'tasks', 'templatetags', 'utils']

2019-02-15 16:29:10,030 [HttpRunnerManager:661] [common:get_model] [INFO]- app_obj:<module 'apps.ApiManager' from 'D:\\project\\HttpRunnerManager\\apps\\ApiManager\\__init__.py'>

2019-02-15 16:29:10,033 [HttpRunnerManager:689] [common:select] [INFO]- ###select###data:<QuerySet [{'type': 2}]>

2019-02-15 16:31:22,181 [HttpRunnerManager:659] [common:get_model] [INFO]- app_name:ApiManager

2019-02-15 16:31:22,183 [HttpRunnerManager:660] [common:get_model] [INFO]- app_obj.dir:['__all__', '__builtins__', '__cached__', '__doc__', '__file__', '__loader__', '__name__', '__package__', '__path__', '__spec__', 'admin', 'apps', 'managers', 'migrations', 'models', 'platform', 'separator', 'tasks', 'templatetags', 'utils']

2019-02-15 16:31:22,185 [HttpRunnerManager:661] [common:get_model] [INFO]- app_obj:<module 'apps.ApiManager' from 'D:\\project\\HttpRunnerManager\\apps\\ApiManager\\__init__.py'>

2019-02-15 16:31:22,190 [HttpRunnerManager:689] [common:select] [INFO]- ###select###data:<QuerySet [{'type': 2}]>

2019-02-15 16:31:22,192 [HttpRunnerManager:691] [common:select] [INFO]- ###ser###data:[{"type": 2}]

2019-02-15 16:33:40,722 [HttpRunnerManager:659] [common:get_model] [INFO]- app_name:ApiManager

2019-02-15 16:33:40,723 [HttpRunnerManager:660] [common:get_model] [INFO]- app_obj.dir:['__all__', '__builtins__', '__cached__', '__doc__', '__file__', '__loader__', '__name__', '__package__', '__path__', '__spec__', 'admin', 'apps', 'managers', 'migrations', 'models', 'platform', 'separator', 'tasks', 'templatetags', 'utils']

2019-02-15 16:33:40,726 [HttpRunnerManager:661] [common:get_model] [INFO]- app_obj:<module 'apps.ApiManager' from 'D:\\project\\HttpRunnerManager\\apps\\ApiManager\\__init__.py'>

2019-02-15 16:33:40,729 [HttpRunnerManager:689] [common:select] [INFO]- ###select###data:<QuerySet [{'type': 2}]>

2019-02-15 16:33:40,731 [HttpRunnerManager:691] [common:select] [INFO]- ###ser###data:[{"type": 2}]

2019-02-15 16:33:40,734 [HttpRunnerManager:692] [common:select] [INFO]- ###type###data:<class 'str'>

2019-02-15 16:34:38,917 [HttpRunnerManager:659] [common:get_model] [INFO]- app_name:ApiManager

2019-02-15 16:34:38,918 [HttpRunnerManager:660] [common:get_model] [INFO]- app_obj.dir:['__all__', '__builtins__', '__cached__', '__doc__', '__file__', '__loader__', '__name__', '__package__', '__path__', '__spec__', 'admin', 'apps', 'managers', 'migrations', 'models', 'platform', 'separator', 'tasks', 'templatetags', 'utils']

2019-02-15 16:34:38,920 [HttpRunnerManager:661] [common:get_model] [INFO]- app_obj:<module 'apps.ApiManager' from 'D:\\project\\HttpRunnerManager\\apps\\ApiManager\\__init__.py'>

2019-02-15 16:34:38,923 [HttpRunnerManager:689] [common:select] [INFO]- ###select###data:<QuerySet [{'type': 2}]>

2019-02-15 16:38:45,886 [HttpRunnerManager:659] [common:get_model] [INFO]- app_name:ApiManager

2019-02-15 16:38:45,888 [HttpRunnerManager:660] [common:get_model] [INFO]- app_obj.dir:['__all__', '__builtins__', '__cached__', '__doc__', '__file__', '__loader__', '__name__', '__package__', '__path__', '__spec__', 'admin', 'apps', 'managers', 'migrations', 'models', 'platform', 'separator', 'tasks', 'templatetags', 'utils']

2019-02-15 16:38:45,892 [HttpRunnerManager:661] [common:get_model] [INFO]- app_obj:<module 'apps.ApiManager' from 'D:\\project\\HttpRunnerManager\\apps\\ApiManager\\__init__.py'>

2019-02-15 16:38:45,895 [HttpRunnerManager:689] [common:select] [INFO]- ###select###data:<QuerySet [{'type': 2}]>

2019-02-15 16:38:45,898 [HttpRunnerManager:691] [common:select] [INFO]- ###ser###data:[{"type": 2}]

2019-02-15 16:38:45,900 [HttpRunnerManager:692] [common:select] [INFO]- ###type###data:<class 'str'>

2019-02-15 16:45:07,488 [HttpRunnerManager:163] [operation:add_case_data] [INFO]- ²âÊÔselectÓÃÀı¸üĞÂ³É¹¦: {'test': {'request': {'url': 'http://m.1768.com', 'method': 'GET'}, 'name': '²âÊÔselect', 'validate': [{'comparator': 'equals', 'check': '$case_result.type', 'expected': 2}], 'variables': [{'case_where': '{"id":5}'}, {'case_values': "['type']"}, {'case_result': '${select($case_where,$case_values,TestCaseInfo,app=ApiManager)}'}]}}
2019-02-15 16:45:11,126 [HttpRunnerManager:659] [common:get_model] [INFO]- app_name:ApiManager

2019-02-15 16:45:11,128 [HttpRunnerManager:660] [common:get_model] [INFO]- app_obj.dir:['__all__', '__builtins__', '__cached__', '__doc__', '__file__', '__loader__', '__name__', '__package__', '__path__', '__spec__', 'admin', 'apps', 'managers', 'migrations', 'models', 'platform', 'separator', 'tasks', 'templatetags', 'utils']

2019-02-15 16:45:11,131 [HttpRunnerManager:661] [common:get_model] [INFO]- app_obj:<module 'apps.ApiManager' from 'D:\\project\\HttpRunnerManager\\apps\\ApiManager\\__init__.py'>

2019-02-15 16:51:01,952 [HttpRunnerManager:659] [common:get_model] [INFO]- app_name:ApiManager

2019-02-15 16:51:01,955 [HttpRunnerManager:660] [common:get_model] [INFO]- app_obj.dir:['__all__', '__builtins__', '__cached__', '__doc__', '__file__', '__loader__', '__name__', '__package__', '__path__', '__spec__', 'admin', 'apps', 'managers', 'migrations', 'models', 'platform', 'separator', 'tasks', 'templatetags', 'utils']

2019-02-15 16:51:01,958 [HttpRunnerManager:661] [common:get_model] [INFO]- app_obj:<module 'apps.ApiManager' from 'D:\\project\\HttpRunnerManager\\apps\\ApiManager\\__init__.py'>

2019-02-15 16:51:01,961 [HttpRunnerManager:689] [common:select] [INFO]- ###select###data:<QuerySet [{'type': 2}]>

2019-02-15 16:51:24,180 [HttpRunnerManager:659] [common:get_model] [INFO]- app_name:ApiManager

2019-02-15 16:51:24,182 [HttpRunnerManager:660] [common:get_model] [INFO]- app_obj.dir:['__all__', '__builtins__', '__cached__', '__doc__', '__file__', '__loader__', '__name__', '__package__', '__path__', '__spec__', 'admin', 'apps', 'managers', 'migrations', 'models', 'platform', 'separator', 'tasks', 'templatetags', 'utils']

2019-02-15 16:51:24,186 [HttpRunnerManager:661] [common:get_model] [INFO]- app_obj:<module 'apps.ApiManager' from 'D:\\project\\HttpRunnerManager\\apps\\ApiManager\\__init__.py'>

2019-02-15 16:51:24,191 [HttpRunnerManager:689] [common:select] [INFO]- ###select###data:<QuerySet [{'type': 2}]>

2019-02-15 16:51:24,193 [HttpRunnerManager:690] [common:select] [INFO]- ###type###data:<class 'django.db.models.query.QuerySet'>

2019-02-15 16:55:31,876 [HttpRunnerManager:659] [common:get_model] [INFO]- app_name:ApiManager

2019-02-15 16:55:31,878 [HttpRunnerManager:660] [common:get_model] [INFO]- app_obj.dir:['__all__', '__builtins__', '__cached__', '__doc__', '__file__', '__loader__', '__name__', '__package__', '__path__', '__spec__', 'admin', 'apps', 'managers', 'migrations', 'models', 'platform', 'separator', 'tasks', 'templatetags', 'utils']

2019-02-15 16:55:31,881 [HttpRunnerManager:661] [common:get_model] [INFO]- app_obj:<module 'apps.ApiManager' from 'D:\\project\\HttpRunnerManager\\apps\\ApiManager\\__init__.py'>

2019-02-15 16:55:31,886 [HttpRunnerManager:689] [common:select] [INFO]- ###select###data:<QuerySet [{'type': 2}]>

2019-02-15 16:55:31,888 [HttpRunnerManager:690] [common:select] [INFO]- ###type###data:<class 'django.db.models.query.QuerySet'>

2019-02-15 16:55:46,079 [HttpRunnerManager:659] [common:get_model] [INFO]- app_name:ApiManager

2019-02-15 16:55:46,080 [HttpRunnerManager:660] [common:get_model] [INFO]- app_obj.dir:['__all__', '__builtins__', '__cached__', '__doc__', '__file__', '__loader__', '__name__', '__package__', '__path__', '__spec__', 'admin', 'apps', 'managers', 'migrations', 'models', 'platform', 'separator', 'tasks', 'templatetags', 'utils']

2019-02-15 16:55:46,085 [HttpRunnerManager:661] [common:get_model] [INFO]- app_obj:<module 'apps.ApiManager' from 'D:\\project\\HttpRunnerManager\\apps\\ApiManager\\__init__.py'>

2019-02-15 16:55:46,094 [HttpRunnerManager:689] [common:select] [INFO]- ###select###data:<QuerySet [{'type': 2}]>

2019-02-15 16:55:46,098 [HttpRunnerManager:690] [common:select] [INFO]- ###type###data:<class 'django.db.models.query.QuerySet'>

2019-02-15 16:56:32,370 [HttpRunnerManager:659] [common:get_model] [INFO]- app_name:ApiManager

2019-02-15 16:56:32,372 [HttpRunnerManager:660] [common:get_model] [INFO]- app_obj.dir:['__all__', '__builtins__', '__cached__', '__doc__', '__file__', '__loader__', '__name__', '__package__', '__path__', '__spec__', 'admin', 'apps', 'managers', 'migrations', 'models', 'platform', 'separator', 'tasks', 'templatetags', 'utils']

2019-02-15 16:56:32,375 [HttpRunnerManager:661] [common:get_model] [INFO]- app_obj:<module 'apps.ApiManager' from 'D:\\project\\HttpRunnerManager\\apps\\ApiManager\\__init__.py'>

2019-02-15 16:56:32,378 [HttpRunnerManager:689] [common:select] [INFO]- ###select###data:<QuerySet [{'type': 2}]>

2019-02-15 16:56:32,380 [HttpRunnerManager:690] [common:select] [INFO]- ###type###data:<class 'django.db.models.query.QuerySet'>

2019-02-15 16:59:29,986 [HttpRunnerManager:659] [common:get_model] [INFO]- app_name:ApiManager

2019-02-15 16:59:29,990 [HttpRunnerManager:660] [common:get_model] [INFO]- app_obj.dir:['__all__', '__builtins__', '__cached__', '__doc__', '__file__', '__loader__', '__name__', '__package__', '__path__', '__spec__', 'admin', 'apps', 'managers', 'migrations', 'models', 'platform', 'separator', 'tasks', 'templatetags', 'utils']

2019-02-15 16:59:29,994 [HttpRunnerManager:661] [common:get_model] [INFO]- app_obj:<module 'apps.ApiManager' from 'D:\\project\\HttpRunnerManager\\apps\\ApiManager\\__init__.py'>

2019-02-15 16:59:29,997 [HttpRunnerManager:689] [common:select] [INFO]- ###select###data:<QuerySet [{'type': 2}]>

2019-02-15 16:59:29,998 [HttpRunnerManager:690] [common:select] [INFO]- ###type###data:<class 'django.db.models.query.QuerySet'>

2019-02-15 16:59:30,002 [HttpRunnerManager:692] [common:select] [INFO]- ###ser###data:[{"type": 2}]

2019-02-15 17:00:44,131 [HttpRunnerManager:659] [common:get_model] [INFO]- app_name:ApiManager

2019-02-15 17:00:44,132 [HttpRunnerManager:660] [common:get_model] [INFO]- app_obj.dir:['__all__', '__builtins__', '__cached__', '__doc__', '__file__', '__loader__', '__name__', '__package__', '__path__', '__spec__', 'admin', 'apps', 'managers', 'migrations', 'models', 'platform', 'separator', 'tasks', 'templatetags', 'utils']

2019-02-15 17:00:44,133 [HttpRunnerManager:661] [common:get_model] [INFO]- app_obj:<module 'apps.ApiManager' from 'D:\\project\\HttpRunnerManager\\apps\\ApiManager\\__init__.py'>

2019-02-15 17:00:44,135 [HttpRunnerManager:689] [common:select] [INFO]- ###select###data:<QuerySet [{'type': 2}]>

2019-02-15 17:00:44,137 [HttpRunnerManager:690] [common:select] [INFO]- ###type###data:<class 'django.db.models.query.QuerySet'>

2019-02-15 17:00:44,138 [HttpRunnerManager:692] [common:select] [INFO]- ###ser###data:[{"type": 2}]

2019-02-15 17:01:15,828 [HttpRunnerManager:163] [operation:add_case_data] [INFO]- ²âÊÔselectÓÃÀı¸üĞÂ³É¹¦: {'test': {'request': {'url': 'http://m.1768.com', 'method': 'GET'}, 'name': '²âÊÔselect', 'validate': [{'comparator': 'equals', 'check': '$case_result.0.type', 'expected': 2}], 'variables': [{'case_where': '{"id":5}'}, {'case_values': "['type']"}, {'case_result': '${select($case_where,$case_values,TestCaseInfo,app=ApiManager)}'}]}}
2019-02-15 17:01:17,773 [HttpRunnerManager:659] [common:get_model] [INFO]- app_name:ApiManager

2019-02-15 17:01:17,774 [HttpRunnerManager:660] [common:get_model] [INFO]- app_obj.dir:['__all__', '__builtins__', '__cached__', '__doc__', '__file__', '__loader__', '__name__', '__package__', '__path__', '__spec__', 'admin', 'apps', 'managers', 'migrations', 'models', 'platform', 'separator', 'tasks', 'templatetags', 'utils']

2019-02-15 17:01:17,776 [HttpRunnerManager:661] [common:get_model] [INFO]- app_obj:<module 'apps.ApiManager' from 'D:\\project\\HttpRunnerManager\\apps\\ApiManager\\__init__.py'>

2019-02-15 17:01:17,777 [HttpRunnerManager:689] [common:select] [INFO]- ###select###data:<QuerySet [{'type': 2}]>

2019-02-15 17:01:17,778 [HttpRunnerManager:690] [common:select] [INFO]- ###type###data:<class 'django.db.models.query.QuerySet'>

2019-02-15 17:01:17,779 [HttpRunnerManager:692] [common:select] [INFO]- ###ser###data:[{"type": 2}]

2019-02-15 17:02:06,690 [HttpRunnerManager:163] [operation:add_case_data] [INFO]- ²âÊÔselectÓÃÀı¸üĞÂ³É¹¦: {'test': {'request': {'url': 'http://m.1768.com', 'method': 'GET'}, 'name': '²âÊÔselect', 'validate': [{'comparator': 'equals', 'check': '$case_result', 'expected': 2}], 'variables': [{'case_where': '{"id":5}'}, {'case_values': "['type']"}, {'case_result': '${select($case_where,$case_values,TestCaseInfo,app=ApiManager)}.0.type'}]}}
2019-02-15 17:02:08,827 [HttpRunnerManager:659] [common:get_model] [INFO]- app_name:ApiManager

2019-02-15 17:02:08,828 [HttpRunnerManager:660] [common:get_model] [INFO]- app_obj.dir:['__all__', '__builtins__', '__cached__', '__doc__', '__file__', '__loader__', '__name__', '__package__', '__path__', '__spec__', 'admin', 'apps', 'managers', 'migrations', 'models', 'platform', 'separator', 'tasks', 'templatetags', 'utils']

2019-02-15 17:02:08,829 [HttpRunnerManager:661] [common:get_model] [INFO]- app_obj:<module 'apps.ApiManager' from 'D:\\project\\HttpRunnerManager\\apps\\ApiManager\\__init__.py'>

2019-02-15 17:02:08,833 [HttpRunnerManager:689] [common:select] [INFO]- ###select###data:<QuerySet [{'type': 2}]>

2019-02-15 17:02:08,833 [HttpRunnerManager:690] [common:select] [INFO]- ###type###data:<class 'django.db.models.query.QuerySet'>

2019-02-15 17:02:08,834 [HttpRunnerManager:692] [common:select] [INFO]- ###ser###data:[{"type": 2}]

2019-02-15 17:03:04,533 [HttpRunnerManager:163] [operation:add_case_data] [INFO]- ²âÊÔselectÓÃÀı¸üĞÂ³É¹¦: {'test': {'request': {'url': 'http://m.1768.com', 'method': 'GET'}, 'name': '²âÊÔselect', 'validate': [{'comparator': 'equals', 'check': '$case_result', 'expected': 2}], 'variables': [{'case_where': '{"id":5}'}, {'case_values': "['type']"}, {'case_result': '${select($case_where,$case_values,TestCaseInfo,app=ApiManager)}[0][type]'}]}}
2019-02-15 17:03:07,192 [HttpRunnerManager:659] [common:get_model] [INFO]- app_name:ApiManager

2019-02-15 17:03:07,193 [HttpRunnerManager:660] [common:get_model] [INFO]- app_obj.dir:['__all__', '__builtins__', '__cached__', '__doc__', '__file__', '__loader__', '__name__', '__package__', '__path__', '__spec__', 'admin', 'apps', 'managers', 'migrations', 'models', 'platform', 'separator', 'tasks', 'templatetags', 'utils']

2019-02-15 17:03:07,194 [HttpRunnerManager:661] [common:get_model] [INFO]- app_obj:<module 'apps.ApiManager' from 'D:\\project\\HttpRunnerManager\\apps\\ApiManager\\__init__.py'>

2019-02-15 17:03:07,195 [HttpRunnerManager:689] [common:select] [INFO]- ###select###data:<QuerySet [{'type': 2}]>

2019-02-15 17:03:07,196 [HttpRunnerManager:690] [common:select] [INFO]- ###type###data:<class 'django.db.models.query.QuerySet'>

2019-02-15 17:03:07,198 [HttpRunnerManager:692] [common:select] [INFO]- ###ser###data:[{"type": 2}]

2019-02-15 17:09:55,845 [HttpRunnerManager:163] [operation:add_case_data] [INFO]- ²âÊÔselectÓÃÀı¸üĞÂ³É¹¦: {'test': {'request': {'url': 'http://m.1768.com', 'method': 'GET'}, 'name': '²âÊÔselect', 'validate': [{'comparator': 'equals', 'check': '${formats($case_result,$result)}', 'expected': 2}], 'variables': [{'case_where': '{"id":5}'}, {'case_values': "['type']"}, {'case_result': '${select($case_where,$case_values,TestCaseInfo,app=ApiManager)}'}, {'result': '0.type'}]}}
2019-02-15 17:09:58,151 [HttpRunnerManager:659] [common:get_model] [INFO]- app_name:ApiManager

2019-02-15 17:09:58,153 [HttpRunnerManager:660] [common:get_model] [INFO]- app_obj.dir:['__all__', '__builtins__', '__cached__', '__doc__', '__file__', '__loader__', '__name__', '__package__', '__path__', '__spec__', 'admin', 'apps', 'managers', 'migrations', 'models', 'platform', 'separator', 'tasks', 'templatetags', 'utils']

2019-02-15 17:09:58,154 [HttpRunnerManager:661] [common:get_model] [INFO]- app_obj:<module 'apps.ApiManager' from 'D:\\project\\HttpRunnerManager\\apps\\ApiManager\\__init__.py'>

2019-02-15 17:09:58,156 [HttpRunnerManager:689] [common:select] [INFO]- ###select###data:<QuerySet [{'type': 2}]>

2019-02-15 17:09:58,157 [HttpRunnerManager:690] [common:select] [INFO]- ###type###data:<class 'django.db.models.query.QuerySet'>

2019-02-15 17:09:58,159 [HttpRunnerManager:692] [common:select] [INFO]- ###ser###data:[{"type": 2}]

2019-02-15 17:17:34,076 [HttpRunnerManager:659] [common:get_model] [INFO]- app_name:ApiManager

2019-02-15 17:17:34,078 [HttpRunnerManager:660] [common:get_model] [INFO]- app_obj.dir:['__all__', '__builtins__', '__cached__', '__doc__', '__file__', '__loader__', '__name__', '__package__', '__path__', '__spec__', 'admin', 'apps', 'managers', 'migrations', 'models', 'platform', 'separator', 'tasks', 'templatetags', 'utils']

2019-02-15 17:17:34,081 [HttpRunnerManager:661] [common:get_model] [INFO]- app_obj:<module 'apps.ApiManager' from 'D:\\project\\HttpRunnerManager\\apps\\ApiManager\\__init__.py'>

2019-02-15 17:17:34,085 [HttpRunnerManager:689] [common:select] [INFO]- ###select###data:<QuerySet [{'type': 2}]>

2019-02-15 17:17:34,086 [HttpRunnerManager:690] [common:select] [INFO]- ###type###data:<class 'django.db.models.query.QuerySet'>

2019-02-15 17:17:34,088 [HttpRunnerManager:692] [common:select] [INFO]- ###ser###data:[{"type": 2}]

2019-02-15 17:18:58,302 [HttpRunnerManager:659] [common:get_model] [INFO]- app_name:ApiManager

2019-02-15 17:18:58,304 [HttpRunnerManager:660] [common:get_model] [INFO]- app_obj.dir:['__all__', '__builtins__', '__cached__', '__doc__', '__file__', '__loader__', '__name__', '__package__', '__path__', '__spec__', 'admin', 'apps', 'managers', 'migrations', 'models', 'platform', 'separator', 'tasks', 'templatetags', 'utils']

2019-02-15 17:18:58,307 [HttpRunnerManager:661] [common:get_model] [INFO]- app_obj:<module 'apps.ApiManager' from 'D:\\project\\HttpRunnerManager\\apps\\ApiManager\\__init__.py'>

2019-02-15 17:18:58,310 [HttpRunnerManager:689] [common:select] [INFO]- ###select###data:<QuerySet [{'type': 2}]>

2019-02-15 17:18:58,313 [HttpRunnerManager:690] [common:select] [INFO]- ###type###data:<class 'django.db.models.query.QuerySet'>

2019-02-15 17:18:58,317 [HttpRunnerManager:692] [common:select] [INFO]- ###ser###data:[{"type": 2}]

2019-02-15 17:20:05,951 [HttpRunnerManager:659] [common:get_model] [INFO]- app_name:ApiManager

2019-02-15 17:20:05,953 [HttpRunnerManager:660] [common:get_model] [INFO]- app_obj.dir:['__all__', '__builtins__', '__cached__', '__doc__', '__file__', '__loader__', '__name__', '__package__', '__path__', '__spec__', 'admin', 'apps', 'managers', 'migrations', 'models', 'platform', 'separator', 'tasks', 'templatetags', 'utils']

2019-02-15 17:20:05,959 [HttpRunnerManager:661] [common:get_model] [INFO]- app_obj:<module 'apps.ApiManager' from 'D:\\project\\HttpRunnerManager\\apps\\ApiManager\\__init__.py'>

2019-02-15 17:20:05,962 [HttpRunnerManager:689] [common:select] [INFO]- ###select###data:<QuerySet [{'type': 2}]>

2019-02-15 17:20:05,964 [HttpRunnerManager:690] [common:select] [INFO]- ###type###data:<class 'django.db.models.query.QuerySet'>

2019-02-15 17:20:05,969 [HttpRunnerManager:692] [common:select] [INFO]- ###ser###data:[{"type": 2}]

2019-02-15 17:24:02,505 [HttpRunnerManager:659] [common:get_model] [INFO]- app_name:ApiManager

2019-02-15 17:24:02,507 [HttpRunnerManager:660] [common:get_model] [INFO]- app_obj.dir:['__all__', '__builtins__', '__cached__', '__doc__', '__file__', '__loader__', '__name__', '__package__', '__path__', '__spec__', 'admin', 'apps', 'managers', 'migrations', 'models', 'platform', 'separator', 'tasks', 'templatetags', 'utils']

2019-02-15 17:24:02,511 [HttpRunnerManager:661] [common:get_model] [INFO]- app_obj:<module 'apps.ApiManager' from 'D:\\project\\HttpRunnerManager\\apps\\ApiManager\\__init__.py'>

2019-02-15 17:24:02,514 [HttpRunnerManager:689] [common:select] [INFO]- ###select###data:<QuerySet [{'type': 2}]>

2019-02-15 17:24:02,516 [HttpRunnerManager:690] [common:select] [INFO]- ###type###data:<class 'django.db.models.query.QuerySet'>

2019-02-15 17:24:02,522 [HttpRunnerManager:692] [common:select] [INFO]- ###ser###data:[{"type": 2}]

2019-02-15 17:25:28,963 [HttpRunnerManager:659] [common:get_model] [INFO]- app_name:ApiManager

2019-02-15 17:25:28,965 [HttpRunnerManager:660] [common:get_model] [INFO]- app_obj.dir:['__all__', '__builtins__', '__cached__', '__doc__', '__file__', '__loader__', '__name__', '__package__', '__path__', '__spec__', 'admin', 'apps', 'managers', 'migrations', 'models', 'platform', 'separator', 'tasks', 'templatetags', 'utils']

2019-02-15 17:25:28,967 [HttpRunnerManager:661] [common:get_model] [INFO]- app_obj:<module 'apps.ApiManager' from 'D:\\project\\HttpRunnerManager\\apps\\ApiManager\\__init__.py'>

2019-02-15 17:25:28,969 [HttpRunnerManager:689] [common:select] [INFO]- ###select###data:<QuerySet [{'type': 2}]>

2019-02-15 17:25:28,973 [HttpRunnerManager:690] [common:select] [INFO]- ###type###data:<class 'django.db.models.query.QuerySet'>

2019-02-15 17:25:28,975 [HttpRunnerManager:692] [common:select] [INFO]- ###ser###data:[{"type": 2}]

2019-02-15 17:25:42,148 [HttpRunnerManager:659] [common:get_model] [INFO]- app_name:ApiManager

2019-02-15 17:25:42,150 [HttpRunnerManager:660] [common:get_model] [INFO]- app_obj.dir:['__all__', '__builtins__', '__cached__', '__doc__', '__file__', '__loader__', '__name__', '__package__', '__path__', '__spec__', 'admin', 'apps', 'managers', 'migrations', 'models', 'platform', 'separator', 'tasks', 'templatetags', 'utils']

2019-02-15 17:25:42,151 [HttpRunnerManager:661] [common:get_model] [INFO]- app_obj:<module 'apps.ApiManager' from 'D:\\project\\HttpRunnerManager\\apps\\ApiManager\\__init__.py'>

2019-02-15 17:25:42,155 [HttpRunnerManager:689] [common:select] [INFO]- ###select###data:<QuerySet [{'type': 2}]>

2019-02-15 17:25:42,158 [HttpRunnerManager:690] [common:select] [INFO]- ###type###data:<class 'django.db.models.query.QuerySet'>

2019-02-15 17:25:42,161 [HttpRunnerManager:692] [common:select] [INFO]- ###ser###data:[{"type": 2}]

2019-02-15 17:26:13,258 [HttpRunnerManager:659] [common:get_model] [INFO]- app_name:ApiManager

2019-02-15 17:26:13,260 [HttpRunnerManager:660] [common:get_model] [INFO]- app_obj.dir:['__all__', '__builtins__', '__cached__', '__doc__', '__file__', '__loader__', '__name__', '__package__', '__path__', '__spec__', 'admin', 'apps', 'managers', 'migrations', 'models', 'platform', 'separator', 'tasks', 'templatetags', 'utils']

2019-02-15 17:26:13,261 [HttpRunnerManager:661] [common:get_model] [INFO]- app_obj:<module 'apps.ApiManager' from 'D:\\project\\HttpRunnerManager\\apps\\ApiManager\\__init__.py'>

2019-02-15 17:26:13,265 [HttpRunnerManager:689] [common:select] [INFO]- ###select###data:<QuerySet [{'type': 2}]>

2019-02-15 17:26:13,268 [HttpRunnerManager:690] [common:select] [INFO]- ###type###data:<class 'django.db.models.query.QuerySet'>

2019-02-15 17:26:13,270 [HttpRunnerManager:692] [common:select] [INFO]- ###ser###data:[{"type": 2}]

2019-02-15 17:28:11,235 [HttpRunnerManager:659] [common:get_model] [INFO]- app_name:ApiManager

2019-02-15 17:28:11,237 [HttpRunnerManager:660] [common:get_model] [INFO]- app_obj.dir:['__all__', '__builtins__', '__cached__', '__doc__', '__file__', '__loader__', '__name__', '__package__', '__path__', '__spec__', 'admin', 'apps', 'managers', 'migrations', 'models', 'platform', 'separator', 'tasks', 'templatetags', 'utils']

2019-02-15 17:28:11,239 [HttpRunnerManager:661] [common:get_model] [INFO]- app_obj:<module 'apps.ApiManager' from 'D:\\project\\HttpRunnerManager\\apps\\ApiManager\\__init__.py'>

2019-02-15 17:28:11,242 [HttpRunnerManager:689] [common:select] [INFO]- ###select###data:<QuerySet [{'type': 2}]>

2019-02-15 17:28:11,244 [HttpRunnerManager:690] [common:select] [INFO]- ###type###data:<class 'django.db.models.query.QuerySet'>

2019-02-15 17:28:11,248 [HttpRunnerManager:692] [common:select] [INFO]- ###ser###data:[{"type": 2}]

2019-02-15 17:30:14,133 [HttpRunnerManager:659] [common:get_model] [INFO]- app_name:ApiManager

2019-02-15 17:30:14,134 [HttpRunnerManager:660] [common:get_model] [INFO]- app_obj.dir:['__all__', '__builtins__', '__cached__', '__doc__', '__file__', '__loader__', '__name__', '__package__', '__path__', '__spec__', 'admin', 'apps', 'managers', 'migrations', 'models', 'platform', 'separator', 'tasks', 'templatetags', 'utils']

2019-02-15 17:30:14,136 [HttpRunnerManager:661] [common:get_model] [INFO]- app_obj:<module 'apps.ApiManager' from 'D:\\project\\HttpRunnerManager\\apps\\ApiManager\\__init__.py'>

2019-02-15 17:30:14,141 [HttpRunnerManager:689] [common:select] [INFO]- ###select###data:<QuerySet [{'type': 2}]>

2019-02-15 17:30:14,144 [HttpRunnerManager:690] [common:select] [INFO]- ###type###data:<class 'django.db.models.query.QuerySet'>

2019-02-15 17:30:14,148 [HttpRunnerManager:692] [common:select] [INFO]- ###ser###data:[{"type": 2}]

2019-02-15 17:31:15,695 [HttpRunnerManager:659] [common:get_model] [INFO]- app_name:ApiManager

2019-02-15 17:31:15,696 [HttpRunnerManager:660] [common:get_model] [INFO]- app_obj.dir:['__all__', '__builtins__', '__cached__', '__doc__', '__file__', '__loader__', '__name__', '__package__', '__path__', '__spec__', 'admin', 'apps', 'managers', 'migrations', 'models', 'platform', 'separator', 'tasks', 'templatetags', 'utils']

2019-02-15 17:31:15,698 [HttpRunnerManager:661] [common:get_model] [INFO]- app_obj:<module 'apps.ApiManager' from 'D:\\project\\HttpRunnerManager\\apps\\ApiManager\\__init__.py'>

2019-02-15 17:31:15,705 [HttpRunnerManager:689] [common:select] [INFO]- ###select###data:<QuerySet [{'type': 2}]>

2019-02-15 17:31:15,707 [HttpRunnerManager:690] [common:select] [INFO]- ###type###data:<class 'django.db.models.query.QuerySet'>

2019-02-15 17:31:15,710 [HttpRunnerManager:692] [common:select] [INFO]- ###ser###data:[{"type": 2}]

2019-02-15 17:31:58,355 [HttpRunnerManager:659] [common:get_model] [INFO]- app_name:ApiManager

2019-02-15 17:31:58,358 [HttpRunnerManager:660] [common:get_model] [INFO]- app_obj.dir:['__all__', '__builtins__', '__cached__', '__doc__', '__file__', '__loader__', '__name__', '__package__', '__path__', '__spec__', 'admin', 'apps', 'managers', 'migrations', 'models', 'platform', 'separator', 'tasks', 'templatetags', 'utils']

2019-02-15 17:31:58,363 [HttpRunnerManager:661] [common:get_model] [INFO]- app_obj:<module 'apps.ApiManager' from 'D:\\project\\HttpRunnerManager\\apps\\ApiManager\\__init__.py'>

2019-02-15 17:31:58,367 [HttpRunnerManager:689] [common:select] [INFO]- ###select###data:<QuerySet [{'type': 2}]>

2019-02-15 17:31:58,369 [HttpRunnerManager:690] [common:select] [INFO]- ###type###data:<class 'django.db.models.query.QuerySet'>

2019-02-15 17:31:58,374 [HttpRunnerManager:692] [common:select] [INFO]- ###ser###data:[{"type": 2}]

2019-02-15 17:34:28,318 [HttpRunnerManager:659] [common:get_model] [INFO]- app_name:ApiManager

2019-02-15 17:34:28,322 [HttpRunnerManager:660] [common:get_model] [INFO]- app_obj.dir:['__all__', '__builtins__', '__cached__', '__doc__', '__file__', '__loader__', '__name__', '__package__', '__path__', '__spec__', 'admin', 'apps', 'managers', 'migrations', 'models', 'platform', 'separator', 'tasks', 'templatetags', 'utils']

2019-02-15 17:34:28,326 [HttpRunnerManager:661] [common:get_model] [INFO]- app_obj:<module 'apps.ApiManager' from 'D:\\project\\HttpRunnerManager\\apps\\ApiManager\\__init__.py'>

2019-02-15 17:34:28,614 [HttpRunnerManager:123] [debugtalk:formats] [INFO]- data:all:[{'type': 2}]
2019-02-15 17:34:28,616 [HttpRunnerManager:125] [debugtalk:formats] [INFO]- data:type:<class 'list'>
2019-02-15 17:35:16,694 [HttpRunnerManager:659] [common:get_model] [INFO]- app_name:ApiManager

2019-02-15 17:35:16,696 [HttpRunnerManager:660] [common:get_model] [INFO]- app_obj.dir:['__all__', '__builtins__', '__cached__', '__doc__', '__file__', '__loader__', '__name__', '__package__', '__path__', '__spec__', 'admin', 'apps', 'managers', 'migrations', 'models', 'platform', 'separator', 'tasks', 'templatetags', 'utils']

2019-02-15 17:35:16,699 [HttpRunnerManager:661] [common:get_model] [INFO]- app_obj:<module 'apps.ApiManager' from 'D:\\project\\HttpRunnerManager\\apps\\ApiManager\\__init__.py'>

2019-02-15 17:35:17,100 [HttpRunnerManager:123] [debugtalk:formats] [INFO]- data:all:[{'type': 2}]
2019-02-15 17:35:17,101 [HttpRunnerManager:125] [debugtalk:formats] [INFO]- data:type:<class 'list'>
2019-02-15 17:36:10,089 [HttpRunnerManager:659] [common:get_model] [INFO]- app_name:ApiManager

2019-02-15 17:36:10,091 [HttpRunnerManager:660] [common:get_model] [INFO]- app_obj.dir:['__all__', '__builtins__', '__cached__', '__doc__', '__file__', '__loader__', '__name__', '__package__', '__path__', '__spec__', 'admin', 'apps', 'managers', 'migrations', 'models', 'platform', 'separator', 'tasks', 'templatetags', 'utils']

2019-02-15 17:36:10,095 [HttpRunnerManager:661] [common:get_model] [INFO]- app_obj:<module 'apps.ApiManager' from 'D:\\project\\HttpRunnerManager\\apps\\ApiManager\\__init__.py'>

2019-02-15 17:36:10,327 [HttpRunnerManager:123] [debugtalk:formats] [INFO]- data:all:[{'type': 2}]
2019-02-15 17:36:10,328 [HttpRunnerManager:125] [debugtalk:formats] [INFO]- data:type:<class 'list'>
2019-02-15 17:36:10,330 [HttpRunnerManager:143] [debugtalk:formats] [INFO]- data:0:{'type': 2}
2019-02-15 17:37:40,151 [HttpRunnerManager:659] [common:get_model] [INFO]- app_name:ApiManager

2019-02-15 17:37:40,152 [HttpRunnerManager:660] [common:get_model] [INFO]- app_obj.dir:['__all__', '__builtins__', '__cached__', '__doc__', '__file__', '__loader__', '__name__', '__package__', '__path__', '__spec__', 'admin', 'apps', 'managers', 'migrations', 'models', 'platform', 'separator', 'tasks', 'templatetags', 'utils']

2019-02-15 17:37:40,154 [HttpRunnerManager:661] [common:get_model] [INFO]- app_obj:<module 'apps.ApiManager' from 'D:\\project\\HttpRunnerManager\\apps\\ApiManager\\__init__.py'>

2019-02-15 17:37:40,380 [HttpRunnerManager:123] [debugtalk:formats] [INFO]- data:all:[{'type': 2}]
2019-02-15 17:37:40,381 [HttpRunnerManager:125] [debugtalk:formats] [INFO]- data:type:<class 'list'>
2019-02-15 17:37:40,383 [HttpRunnerManager:149] [debugtalk:formats] [INFO]- data:0:{'type': 2}
2019-02-15 17:37:40,384 [HttpRunnerManager:149] [debugtalk:formats] [INFO]- data:type:2
2019-02-15 17:45:41,207 [HttpRunnerManager:163] [operation:add_case_data] [INFO]- æµ‹è¯•æ•°æ®åº“selectç”¨ä¾‹æ›´æ–°æˆåŠŸ: {'test': {'variables': [{'bubble_where': '{"id":3761}'}, {'bubble_values': "['user_type']"}, {'bubble_result': '${select($bubble_where,$bubble_values,BubbleUserAccount)}'}, {'res': '0.user_type'}], 'request': {'method': 'PRIMUS', 'url': '$userid', 'data': {'params': '{"userId":$userid}', 'cmd': 'getUserInfo'}}, 'validate': [{'check': '${fomats($bubble_result,$res)}', 'comparator': 'equals', 'expected': '1'}], 'name': 'æµ‹è¯•æ•°æ®åº“select'}}
2019-02-15 17:47:22,280 [HttpRunnerManager:163] [operation:add_case_data] [INFO]- æµ‹è¯•æ•°æ®åº“selectç”¨ä¾‹æ›´æ–°æˆåŠŸ: {'test': {'variables': [{'bubble_where': '{"id":3761}'}, {'bubble_values': "['user_type']"}, {'bubble_result': '${select($bubble_where,$bubble_values,BubbleUserAccount)}'}, {'res': '0.user_type'}], 'request': {'method': 'PRIMUS', 'url': '$userid', 'data': {'params': '{"userId":$userid}', 'cmd': 'getUserInfo'}}, 'validate': [{'check': '${formats($bubble_result,$res)}', 'comparator': 'equals', 'expected': '1'}], 'name': 'æµ‹è¯•æ•°æ®åº“select'}}
2019-02-15 17:48:00,963 [HttpRunnerManager:163] [operation:add_case_data] [INFO]- æµ‹è¯•æ•°æ®åº“selectç”¨ä¾‹æ›´æ–°æˆåŠŸ: {'test': {'variables': [{'bubble_where': '{"id":3761}'}, {'bubble_values': "['user_type']"}, {'bubble_result': '${select($bubble_where,$bubble_values,BubbleUserAccount)}'}, {'res': '0.user_type'}], 'request': {'method': 'PRIMUS', 'url': '$userid', 'data': {'params': '{"userId":$userid}', 'cmd': 'getUserInfo'}}, 'validate': [{'check': '${formats($bubble_result,$res)}', 'comparator': 'equals', 'expected': 1}], 'name': 'æµ‹è¯•æ•°æ®åº“select'}}
2019-02-18 10:40:22,429 [HttpRunnerManager:69] [views:login] [INFO]- huangmin ç™»å½•æˆåŠŸ
2019-02-18 13:58:26,054 [HttpRunnerManager:74] [views:login] [INFO]-  ç™»å½•å¤±è´¥, è¯·æ£€æŸ¥ç”¨æˆ·åæˆ–è€…å¯†ç 
2019-02-18 14:00:00,293 [HttpRunnerManager:74] [views:login] [INFO]- LIQINGGUO886@pingan.com.cn ç™»å½•å¤±è´¥, è¯·æ£€æŸ¥ç”¨æˆ·åæˆ–è€…å¯†ç 
2019-02-18 14:00:12,793 [HttpRunnerManager:74] [views:login] [INFO]- LIQINGGUO886@pingan.com.cn ç™»å½•å¤±è´¥, è¯·æ£€æŸ¥ç”¨æˆ·åæˆ–è€…å¯†ç 
2019-02-18 14:00:17,488 [HttpRunnerManager:74] [views:login] [INFO]- LIQINGGUO886@pingan.com.cn ç™»å½•å¤±è´¥, è¯·æ£€æŸ¥ç”¨æˆ·åæˆ–è€…å¯†ç 
2019-02-18 14:00:18,776 [HttpRunnerManager:74] [views:login] [INFO]- LIQINGGUO886@pingan.com.cn ç™»å½•å¤±è´¥, è¯·æ£€æŸ¥ç”¨æˆ·åæˆ–è€…å¯†ç 
2019-02-18 14:00:19,474 [HttpRunnerManager:74] [views:login] [INFO]- LIQINGGUO886@pingan.com.cn ç™»å½•å¤±è´¥, è¯·æ£€æŸ¥ç”¨æˆ·åæˆ–è€…å¯†ç 
2019-02-18 14:00:20,097 [HttpRunnerManager:74] [views:login] [INFO]- LIQINGGUO886@pingan.com.cn ç™»å½•å¤±è´¥, è¯·æ£€æŸ¥ç”¨æˆ·åæˆ–è€…å¯†ç 
2019-02-18 14:00:20,715 [HttpRunnerManager:74] [views:login] [INFO]- LIQINGGUO886@pingan.com.cn ç™»å½•å¤±è´¥, è¯·æ£€æŸ¥ç”¨æˆ·åæˆ–è€…å¯†ç 
2019-02-19 16:39:28,272 [HttpRunnerManager:74] [views:login] [INFO]- LIQINGGUO886@pingan.com.cn ç™»å½•å¤±è´¥, è¯·æ£€æŸ¥ç”¨æˆ·åæˆ–è€…å¯†ç 
2019-02-19 16:39:32,811 [HttpRunnerManager:74] [views:login] [INFO]- LIQINGGUO886@pingan.com.cn ç™»å½•å¤±è´¥, è¯·æ£€æŸ¥ç”¨æˆ·åæˆ–è€…å¯†ç 
2019-02-19 16:39:33,734 [HttpRunnerManager:74] [views:login] [INFO]- LIQINGGUO886@pingan.com.cn ç™»å½•å¤±è´¥, è¯·æ£€æŸ¥ç”¨æˆ·åæˆ–è€…å¯†ç 
2019-02-19 16:39:34,518 [HttpRunnerManager:74] [views:login] [INFO]- LIQINGGUO886@pingan.com.cn ç™»å½•å¤±è´¥, è¯·æ£€æŸ¥ç”¨æˆ·åæˆ–è€…å¯†ç 
2019-02-19 16:39:35,541 [HttpRunnerManager:74] [views:login] [INFO]- LIQINGGUO886@pingan.com.cn ç™»å½•å¤±è´¥, è¯·æ£€æŸ¥ç”¨æˆ·åæˆ–è€…å¯†ç 
2019-02-19 16:39:38,841 [HttpRunnerManager:74] [views:login] [INFO]- LIQINGGUO886@pingan.com.cn ç™»å½•å¤±è´¥, è¯·æ£€æŸ¥ç”¨æˆ·åæˆ–è€…å¯†ç 
2019-02-19 16:39:43,149 [HttpRunnerManager:74] [views:login] [INFO]- LIQINGGUO886@pingan.com.cn ç™»å½•å¤±è´¥, è¯·æ£€æŸ¥ç”¨æˆ·åæˆ–è€…å¯†ç 
2019-02-19 16:40:02,152 [HttpRunnerManager:74] [views:login] [INFO]- LIQINGGUO886@pingan.com.cn ç™»å½•å¤±è´¥, è¯·æ£€æŸ¥ç”¨æˆ·åæˆ–è€…å¯†ç 
2019-02-19 16:40:02,773 [HttpRunnerManager:74] [views:login] [INFO]- LIQINGGUO886@pingan.com.cn ç™»å½•å¤±è´¥, è¯·æ£€æŸ¥ç”¨æˆ·åæˆ–è€…å¯†ç 
2019-02-19 16:40:03,208 [HttpRunnerManager:74] [views:login] [INFO]- LIQINGGUO886@pingan.com.cn ç™»å½•å¤±è´¥, è¯·æ£€æŸ¥ç”¨æˆ·åæˆ–è€…å¯†ç 
2019-02-19 16:40:03,844 [HttpRunnerManager:74] [views:login] [INFO]- LIQINGGUO886@pingan.com.cn ç™»å½•å¤±è´¥, è¯·æ£€æŸ¥ç”¨æˆ·åæˆ–è€…å¯†ç 
2019-02-19 16:40:04,350 [HttpRunnerManager:74] [views:login] [INFO]- LIQINGGUO886@pingan.com.cn ç™»å½•å¤±è´¥, è¯·æ£€æŸ¥ç”¨æˆ·åæˆ–è€…å¯†ç 
2019-02-19 16:40:04,869 [HttpRunnerManager:74] [views:login] [INFO]- LIQINGGUO886@pingan.com.cn ç™»å½•å¤±è´¥, è¯·æ£€æŸ¥ç”¨æˆ·åæˆ–è€…å¯†ç 
2019-02-19 16:40:05,133 [HttpRunnerManager:74] [views:login] [INFO]- LIQINGGUO886@pingan.com.cn ç™»å½•å¤±è´¥, è¯·æ£€æŸ¥ç”¨æˆ·åæˆ–è€…å¯†ç 
2019-02-19 16:40:05,855 [HttpRunnerManager:74] [views:login] [INFO]- LIQINGGUO886@pingan.com.cn ç™»å½•å¤±è´¥, è¯·æ£€æŸ¥ç”¨æˆ·åæˆ–è€…å¯†ç 
2019-02-19 16:40:07,365 [HttpRunnerManager:74] [views:login] [INFO]- LIQINGGUO886@pingan.com.cn ç™»å½•å¤±è´¥, è¯·æ£€æŸ¥ç”¨æˆ·åæˆ–è€…å¯†ç 
2019-02-19 16:40:09,831 [HttpRunnerManager:74] [views:login] [INFO]- LIQINGGUO886@pingan.com.cn ç™»å½•å¤±è´¥, è¯·æ£€æŸ¥ç”¨æˆ·åæˆ–è€…å¯†ç 
2019-02-19 16:40:13,518 [HttpRunnerManager:74] [views:login] [INFO]- LIQINGGUO886@pingan.com.cn ç™»å½•å¤±è´¥, è¯·æ£€æŸ¥ç”¨æˆ·åæˆ–è€…å¯†ç 
2019-02-19 16:40:15,760 [HttpRunnerManager:74] [views:login] [INFO]- LIQINGGUO886@pingan.com.cn ç™»å½•å¤±è´¥, è¯·æ£€æŸ¥ç”¨æˆ·åæˆ–è€…å¯†ç 
2019-02-19 16:40:32,316 [HttpRunnerManager:74] [views:login] [INFO]- lqg ç™»å½•å¤±è´¥, è¯·æ£€æŸ¥ç”¨æˆ·åæˆ–è€…å¯†ç 
2019-02-19 16:41:02,544 [HttpRunnerManager:29] [operation:add_register_data] [DEBUG]- liqingguo å·²è¢«å…¶ä»–ç”¨æˆ·æ³¨å†Œ
2019-02-19 16:41:18,974 [HttpRunnerManager:32] [operation:add_register_data] [DEBUG]- LIQINGGUO886@pingan.com.cn æ˜µç§°å·²è¢«å…¶ä»–ç”¨æˆ·æ³¨å†Œ
2019-02-19 16:41:31,614 [HttpRunnerManager:35] [operation:add_register_data] [INFO]- æ–°å¢ç”¨æˆ·ï¼šApiManager.UserInfo.objects
2019-02-19 16:41:47,324 [HttpRunnerManager:69] [views:login] [INFO]- lqg ç™»å½•æˆåŠŸ
2019-02-19 16:42:05,698 [HttpRunnerManager:69] [views:login] [INFO]- liqingguo ç™»å½•æˆåŠŸ
2019-02-19 16:52:07,032 [HttpRunnerManager:163] [operation:add_case_data] [INFO]- æ•°æ®åº“æµ‹è¯•ç”¨ä¾‹æ›´æ–°æˆåŠŸ: {'test': {'variables': [{'env_info_count': '${count_all(BubbleItem,app=bubble)}'}], 'request': {'method': 'PRIMUS', 'url': '$userid', 'data': {'params': '{"userId":$userid}', 'cmd': 'getUserInfo'}}, 'validate': [{'check': '$env_info_count', 'comparator': 'equals', 'expected': 1082}], 'name': 'æ•°æ®åº“æµ‹è¯•'}}
2019-02-19 16:53:49,719 [HttpRunnerManager:163] [operation:add_case_data] [INFO]- æ•°æ®åº“æµ‹è¯•ç”¨ä¾‹æ›´æ–°æˆåŠŸ: {'test': {'variables': [{'env_info_count': '${count_all(BubbleItem,app=bubble)}'}], 'request': {'method': 'PRIMUS', 'url': '$userid', 'data': {'params': '{"userId":$userid}', 'cmd': 'getUserInfo'}}, 'validate': [{'check': '$env_info_count', 'comparator': 'equals', 'expected': 38}], 'name': 'æ•°æ®åº“æµ‹è¯•'}}
2019-02-19 16:58:25,103 [HttpRunnerManager:163] [operation:add_case_data] [INFO]- æ­£å¸¸è·å–ç”¨æˆ·ä¿¡æ¯ç”¨ä¾‹æ›´æ–°æˆåŠŸ: {'test': {'request': {'method': 'PRIMUS', 'url': '$userid', 'data': {'params': '{"userId":$userid}', 'cmd': 'getUserInfo'}}, 'validate': [{'check': 'content.code', 'comparator': 'equals', 'expected': 200}], 'name': 'æ­£å¸¸è·å–ç”¨æˆ·ä¿¡æ¯'}}
2019-02-20 11:34:36,870 [django.request:228] [log:log_response] [WARNING]- Not Found: /
2019-02-20 11:34:47,727 [django.request:228] [log:log_response] [WARNING]- Not Found: /
2019-02-20 17:22:56,264 [HttpRunnerManager:74] [views:login] [INFO]-  ç™»å½•å¤±è´¥, è¯·æ£€æŸ¥ç”¨æˆ·åæˆ–è€…å¯†ç 
2019-02-20 17:23:23,172 [HttpRunnerManager:74] [views:login] [INFO]- admin ç™»å½•å¤±è´¥, è¯·æ£€æŸ¥ç”¨æˆ·åæˆ–è€…å¯†ç 
2019-03-01 15:32:57,718 [HttpRunnerManager:74] [views:login] [INFO]- huangmin930 ç™»å½•å¤±è´¥, è¯·æ£€æŸ¥ç”¨æˆ·åæˆ–è€…å¯†ç 
2019-03-01 15:33:10,584 [HttpRunnerManager:69] [views:login] [INFO]- huangmin ç™»å½•æˆåŠŸ
2019-03-01 15:36:30,488 [HttpRunnerManager:163] [operation:add_case_data] [INFO]- æ­£å¸¸è·å–ç”¨æˆ·ä¿¡æ¯ç”¨ä¾‹æ›´æ–°æˆåŠŸ: {'test': {'request': {'method': 'PRIMUS', 'url': '$userid', 'data': {'params': '{"userId":$userid}', 'cmd': 'getUserInfo'}}, 'validate': [{'check': 'content.code', 'comparator': 'equals', 'expected': 200}], 'name': 'æ­£å¸¸è·å–ç”¨æˆ·ä¿¡æ¯'}}
2019-03-06 15:10:21,153 [django.request:228] [log:log_response] [ERROR]- Internal Server Error: /api/del/
Traceback (most recent call last):
  File "/home/www/.virtualenvs/admin/lib/python3.5/site-packages/django/core/handlers/exception.py", line 34, in inner
    response = get_response(request)
  File "/home/www/.virtualenvs/admin/lib/python3.5/site-packages/django/core/handlers/base.py", line 126, in _get_response
    response = self.process_exception_by_middleware(e, request)
  File "/home/www/.virtualenvs/admin/lib/python3.5/site-packages/django/core/handlers/base.py", line 124, in _get_response
    response = wrapped_callback(request, *callback_args, **callback_kwargs)
  File "/home/www/tools/HttpRunnerManager/HttpRunnerManager/activator.py", line 10, in process
    app = __import__("%s.views" % app)
  File "/home/www/tools/HttpRunnerManager/apps/ApiManager/views.py", line 830
    def del(request):
          ^
SyntaxError: invalid syntax
2019-03-06 15:12:54,885 [django.request:228] [log:log_response] [ERROR]- Internal Server Error: /api/del/
Traceback (most recent call last):
  File "/home/www/.virtualenvs/admin/lib/python3.5/site-packages/django/core/handlers/exception.py", line 34, in inner
    response = get_response(request)
  File "/home/www/.virtualenvs/admin/lib/python3.5/site-packages/django/core/handlers/base.py", line 126, in _get_response
    response = self.process_exception_by_middleware(e, request)
  File "/home/www/.virtualenvs/admin/lib/python3.5/site-packages/django/core/handlers/base.py", line 124, in _get_response
    response = wrapped_callback(request, *callback_args, **callback_kwargs)
  File "/home/www/tools/HttpRunnerManager/HttpRunnerManager/activator.py", line 12, in process
    fun = getattr(view, fun)
AttributeError: module 'ApiManager.views' has no attribute 'del'
2019-03-06 15:13:10,646 [django.request:228] [log:log_response] [ERROR]- Internal Server Error: /api/delete/
Traceback (most recent call last):
  File "/home/www/.virtualenvs/admin/lib/python3.5/site-packages/django/core/handlers/exception.py", line 34, in inner
    response = get_response(request)
  File "/home/www/.virtualenvs/admin/lib/python3.5/site-packages/django/core/handlers/base.py", line 126, in _get_response
    response = self.process_exception_by_middleware(e, request)
  File "/home/www/.virtualenvs/admin/lib/python3.5/site-packages/django/core/handlers/base.py", line 124, in _get_response
    response = wrapped_callback(request, *callback_args, **callback_kwargs)
  File "/home/www/tools/HttpRunnerManager/HttpRunnerManager/activator.py", line 12, in process
    fun = getattr(view, fun)
AttributeError: module 'ApiManager.views' has no attribute 'delete'
2019-03-06 15:23:31,518 [HttpRunnerManager:833] [views:deletes] [INFO]- cmdç»“æœæ˜¯:<os._wrap_close object at 0x7f6aaccf2400>
2019-03-06 15:25:34,961 [HttpRunnerManager:833] [views:deletes] [INFO]- cmdç»“æœæ˜¯:
2019-03-06 15:26:56,730 [HttpRunnerManager:833] [views:deletes] [INFO]- cmdç»“æœæ˜¯:
2019-03-06 15:28:15,549 [HttpRunnerManager:833] [views:deletes] [INFO]- cmdç»“æœæ˜¯:www

2019-03-06 15:30:00,664 [HttpRunnerManager:833] [views:deletes] [INFO]- cmdç»“æœæ˜¯:www

2019-03-06 15:30:59,911 [HttpRunnerManager:833] [views:deletes] [INFO]- cmdç»“æœæ˜¯:www

2019-03-06 15:32:51,366 [HttpRunnerManager:833] [views:deletes] [INFO]- cmdç»“æœæ˜¯:
2019-03-11 16:00:39,711 [HttpRunnerManager:74] [views:login] [INFO]- huangmin ç™»å½•å¤±è´¥, è¯·æ£€æŸ¥ç”¨æˆ·åæˆ–è€…å¯†ç 
2019-03-11 16:02:01,893 [HttpRunnerManager:74] [views:login] [INFO]- tuqingqing ç™»å½•å¤±è´¥, è¯·æ£€æŸ¥ç”¨æˆ·åæˆ–è€…å¯†ç 
2019-03-11 16:02:09,785 [HttpRunnerManager:69] [views:login] [INFO]- huangmin ç™»å½•æˆåŠŸ
2019-03-11 16:35:22,174 [django.request:228] [log:log_response] [WARNING]- Not Found: /bubble/
2019-03-11 16:43:06,610 [django.request:228] [log:log_response] [WARNING]- Not Found: /bubble/
2019-03-11 16:54:01,569 [django.request:228] [log:log_response] [WARNING]- Not Found: /bubble/
2019-04-01 10:05:11,967 [HttpRunnerManager:69] [views:login] [INFO]- huangmin ç™»å½•æˆåŠŸ
2019-04-08 11:12:24,819 [HttpRunnerManager:74] [views:login] [INFO]- huangmin930 ç™»å½•å¤±è´¥, è¯·æ£€æŸ¥ç”¨æˆ·åæˆ–è€…å¯†ç 
2019-04-08 11:12:31,870 [HttpRunnerManager:69] [views:login] [INFO]- huangmin ç™»å½•æˆåŠŸ
2019-04-10 18:47:48,023 [HttpRunnerManager:69] [views:login] [INFO]- huangmin ç™»å½•æˆåŠŸ
2019-04-12 12:07:25,707 [HttpRunnerManager:74] [views:login] [INFO]- huangmin930 ç™»å½•å¤±è´¥, è¯·æ£€æŸ¥ç”¨æˆ·åæˆ–è€…å¯†ç 
2019-04-12 12:07:29,898 [HttpRunnerManager:74] [views:login] [INFO]- huangmin930@pingan.com.cn ç™»å½•å¤±è´¥, è¯·æ£€æŸ¥ç”¨æˆ·åæˆ–è€…å¯†ç 
2019-04-12 12:07:36,889 [HttpRunnerManager:74] [views:login] [INFO]- huangmin930@pingan.com.cn ç™»å½•å¤±è´¥, è¯·æ£€æŸ¥ç”¨æˆ·åæˆ–è€…å¯†ç 
2019-04-12 12:07:56,249 [HttpRunnerManager:69] [views:login] [INFO]- huangmin ç™»å½•æˆåŠŸ
2019-04-12 12:09:56,726 [HttpRunnerManager:74] [views:login] [INFO]- None ç™»å½•å¤±è´¥, è¯·æ£€æŸ¥ç”¨æˆ·åæˆ–è€…å¯†ç 
2019-04-12 12:16:31,909 [HttpRunnerManager:74] [views:login] [INFO]- huangmin ç™»å½•å¤±è´¥, è¯·æ£€æŸ¥ç”¨æˆ·åæˆ–è€…å¯†ç 
2019-04-12 12:17:43,932 [HttpRunnerManager:103] [views:log_out] [INFO]- huangminé€€å‡º
2019-04-12 12:17:59,663 [HttpRunnerManager:69] [views:login] [INFO]- huangmin ç™»å½•æˆåŠŸ
2019-04-12 12:19:22,758 [HttpRunnerManager:74] [views:login] [INFO]- huangmin ç™»å½•å¤±è´¥, è¯·æ£€æŸ¥ç”¨æˆ·åæˆ–è€…å¯†ç 
2019-04-12 12:23:06,337 [HttpRunnerManager:69] [views:login] [INFO]- huangmin ç™»å½•æˆåŠŸ
2019-04-12 12:23:28,000 [HttpRunnerManager:69] [views:login] [INFO]- huangmin ç™»å½•æˆåŠŸ
2019-04-22 14:20:48,966 [django.request:228] [log:log_response] [WARNING]- Not Found: /
2019-04-22 14:53:28,096 [django.request:228] [log:log_response] [WARNING]- Not Found: /
2019-04-29 18:42:47,908 [HttpRunnerManager:74] [views:login] [INFO]- huangmin930@pingan.com.cn ç™»å½•å¤±è´¥, è¯·æ£€æŸ¥ç”¨æˆ·åæˆ–è€…å¯†ç 
2019-04-29 18:42:54,961 [HttpRunnerManager:74] [views:login] [INFO]- huangmin930 ç™»å½•å¤±è´¥, è¯·æ£€æŸ¥ç”¨æˆ·åæˆ–è€…å¯†ç 
2019-04-29 18:43:06,147 [HttpRunnerManager:69] [views:login] [INFO]- huangmin ç™»å½•æˆåŠŸ
2019-04-29 18:48:29,702 [django.request:228] [log:log_response] [ERROR]- Internal Server Error: /api/login/
Traceback (most recent call last):
  File "/home/www/.virtualenvs/admin/lib/python3.5/site-packages/django/core/handlers/exception.py", line 34, in inner
    response = get_response(request)
  File "/home/www/.virtualenvs/admin/lib/python3.5/site-packages/django/core/handlers/base.py", line 137, in _get_response
    "returned None instead." % (callback.__module__, view_name)
ValueError: The view HttpRunnerManager.activator.process didn't return an HttpResponse object. It returned None instead.
2019-04-29 18:48:37,158 [HttpRunnerManager:74] [views:login] [INFO]-  ç™»å½•å¤±è´¥, è¯·æ£€æŸ¥ç”¨æˆ·åæˆ–è€…å¯†ç 
2019-04-29 18:49:41,952 [HttpRunnerManager:74] [views:login] [INFO]- huangmin930 ç™»å½•å¤±è´¥, è¯·æ£€æŸ¥ç”¨æˆ·åæˆ–è€…å¯†ç 
2019-04-29 18:49:48,359 [HttpRunnerManager:74] [views:login] [INFO]- huangmin930 ç™»å½•å¤±è´¥, è¯·æ£€æŸ¥ç”¨æˆ·åæˆ–è€…å¯†ç 
2019-04-29 18:49:48,392 [HttpRunnerManager:74] [views:login] [INFO]- huangmin930 ç™»å½•å¤±è´¥, è¯·æ£€æŸ¥ç”¨æˆ·åæˆ–è€…å¯†ç 
2019-04-29 18:50:01,924 [HttpRunnerManager:74] [views:login] [INFO]- huangmin930 ç™»å½•å¤±è´¥, è¯·æ£€æŸ¥ç”¨æˆ·åæˆ–è€…å¯†ç 
2019-04-29 18:52:44,963 [HttpRunnerManager:103] [views:log_out] [INFO]- huangminé€€å‡º
2019-04-29 18:53:17,089 [HttpRunnerManager:32] [operation:add_register_data] [DEBUG]- huangmin930@pingan.com.cn æ˜µç§°å·²è¢«å…¶ä»–ç”¨æˆ·æ³¨å†Œ
2019-04-29 18:53:37,390 [HttpRunnerManager:35] [operation:add_register_data] [INFO]- æ–°å¢ç”¨æˆ·ï¼šApiManager.UserInfo.objects
2019-04-29 18:53:50,460 [HttpRunnerManager:69] [views:login] [INFO]- huangmin2 ç™»å½•æˆåŠŸ
2019-04-29 18:59:49,510 [HttpRunnerManager:69] [views:login] [INFO]- huangmin ç™»å½•æˆåŠŸ
2019-04-29 19:03:21,417 [HttpRunnerManager:69] [views:login] [INFO]- huangmin ç™»å½•æˆåŠŸ
2019-04-29 19:09:37,594 [HttpRunnerManager:103] [views:log_out] [INFO]- huangmin2é€€å‡º
2019-04-29 19:09:54,584 [HttpRunnerManager:35] [operation:add_register_data] [INFO]- æ–°å¢ç”¨æˆ·ï¼šApiManager.UserInfo.objects
2019-04-29 19:09:56,695 [HttpRunnerManager:74] [views:login] [INFO]- huangmin930@pingan.com.cn ç™»å½•å¤±è´¥, è¯·æ£€æŸ¥ç”¨æˆ·åæˆ–è€…å¯†ç 
2019-04-29 19:10:05,124 [HttpRunnerManager:69] [views:login] [INFO]- huangmin3 ç™»å½•æˆåŠŸ
